Using pre-set license
Built from '2020.3/release' branch; Version is '2020.3.12f1 (b3b2c6512326) revision 11776710'; Using compiler version '192528614'; Build Type 'Release'
OS: 'Windows 10 Pro; OS build 19042.985; Version 2009; 64bit' Language: 'en' Physical Memory: 32716 MB
BatchMode: 1, IsHumanControllingUs: 0, StartBugReporterOnCrash: 0, Is64bit: 1, IsPro: 0

 COMMAND LINE ARGUMENTS:
C:\Program Files\Unity\Hub\Editor\2020.3.12f1\Editor\Unity.exe
-adb2
-batchMode
-noUpm
-name
AssetImportWorker0
-projectPath
G:/Users/CChristie/Documents/Unity Projects/Fast Noise
-logFile
Logs/AssetImportWorker0.log
-srvPort
56490
Successfully changed project path to: G:/Users/CChristie/Documents/Unity Projects/Fast Noise
G:/Users/CChristie/Documents/Unity Projects/Fast Noise
Using Asset Import Pipeline V2.
Refreshing native plugins compatible for Editor in 56.81 ms, found 2 plugins.
Preloading 0 native plugins for Editor in 0.00 ms.
Initialize engine version: 2020.3.12f1 (b3b2c6512326)
[Subsystems] Discovering subsystems at path C:/Program Files/Unity/Hub/Editor/2020.3.12f1/Editor/Data/Resources/UnitySubsystems
[Subsystems] Discovering subsystems at path G:/Users/CChristie/Documents/Unity Projects/Fast Noise/Assets
GfxDevice: creating device client; threaded=0
Direct3D:
    Version:  Direct3D 11.0 [level 11.1]
    Renderer: NVIDIA GeForce GTX 1050 Ti (ID=0x1c82)
    Vendor:   
    VRAM:     4018 MB
    Driver:   27.21.14.5671
Initialize mono
Mono path[0] = 'C:/Program Files/Unity/Hub/Editor/2020.3.12f1/Editor/Data/Managed'
Mono path[1] = 'C:/Program Files/Unity/Hub/Editor/2020.3.12f1/Editor/Data/MonoBleedingEdge/lib/mono/unityjit'
Mono config path = 'C:/Program Files/Unity/Hub/Editor/2020.3.12f1/Editor/Data/MonoBleedingEdge/etc'
Using monoOptions --debugger-agent=transport=dt_socket,embedding=1,server=y,suspend=n,address=127.0.0.1:56748
Begin MonoManager ReloadAssembly
Registering precompiled unity dll's ...
Register platform support module: C:/Program Files/Unity/Hub/Editor/2020.3.12f1/Editor/Data/PlaybackEngines/WindowsStandaloneSupport/UnityEditor.WindowsStandalone.Extensions.dll
Registered in 0.001577 seconds.
Native extension for WindowsStandalone target not found
Refreshing native plugins compatible for Editor in 49.46 ms, found 2 plugins.
Preloading 0 native plugins for Editor in 0.00 ms.
Mono: successfully reloaded assembly
- Completed reload, in  0.953 seconds
Platform modules already initialized, skipping
Registering precompiled user dll's ...
Registered in 0.003958 seconds.
Begin MonoManager ReloadAssembly
Native extension for WindowsStandalone target not found
Refreshing native plugins compatible for Editor in 49.14 ms, found 2 plugins.
Preloading 0 native plugins for Editor in 0.00 ms.
Mono: successfully reloaded assembly
- Completed reload, in  1.054 seconds
Platform modules already initialized, skipping
========================================================================
Worker process is ready to serve import requests
Launched and connected shader compiler UnityShaderCompiler.exe after 0.03 seconds
Refreshing native plugins compatible for Editor in 0.79 ms, found 2 plugins.
Preloading 0 native plugins for Editor in 0.00 ms.
Unloading 2292 Unused Serialized files (Serialized files now loaded: 0)
System memory in use before: 122.2 MB.
System memory in use after: 122.4 MB.

Unloading 151 unused Assets to reduce memory usage. Loaded Objects now: 2713.
Total: 4.720700 ms (FindLiveObjects: 0.217100 ms CreateObjectMapping: 0.056700 ms MarkObjects: 4.240000 ms  DeleteObjects: 0.206100 ms)

AssetImportParameters requested are different than current active one (requested -> active):
  custom:framework-win-MediaFoundation: 216162199b28c13a410421893ffa2e32 -> 
  custom:video-decoder-ogg-theora: a1e56fd34408186e4bbccfd4996cb3dc -> 
  custom:container-muxer-webm: aa71ff27fc2769a1b78a27578f13a17b -> 
  custom:container-demuxer-webm: 4f35f7cbe854078d1ac9338744f61a02 -> 
  custom:container-demuxer-ogg: 62fdf1f143b41e24485cea50d1cbac27 -> 
  custom:video-encoder-webm-vp8: eb34c28f22e8b96e1ab97ce403110664 -> 
  custom:video-decoder-webm-vp8: 9c59270c3fd7afecdb556c50c9e8de78 -> 
  custom:audio-decoder-ogg-vorbis: bf7c407c2cedff20999df2af8eb42d56 -> 
  custom:audio-encoder-webm-vorbis: bf7c407c2cedff20999df2af8eb42d56 -> 
========================================================================
Received Import Request.
  path: Assets/Terra/Example/Noise.asset
  artifactKey: Guid(94778d6108708a94c9784ad0f74ba864) Importer(815301076,1909f56bfc062723c751e8b465ee728b)
Start importing Assets/Terra/Example/Noise.asset using Guid(94778d6108708a94c9784ad0f74ba864) Importer(815301076,1909f56bfc062723c751e8b465ee728b)  -> (artifact id: '02dea13b31e28da4545a6f3e1a9e0ade') in 0.042668 seconds 
  Import took 0.045929 seconds .

========================================================================
Received Prepare
Registering precompiled user dll's ...
Registered in 0.004160 seconds.
Begin MonoManager ReloadAssembly
Native extension for WindowsStandalone target not found
Refreshing native plugins compatible for Editor in 1.04 ms, found 2 plugins.
Preloading 0 native plugins for Editor in 0.00 ms.
Mono: successfully reloaded assembly
- Completed reload, in  0.965 seconds
Platform modules already initialized, skipping
Refreshing native plugins compatible for Editor in 0.83 ms, found 2 plugins.
Preloading 0 native plugins for Editor in 0.00 ms.
Unloading 2280 Unused Serialized files (Serialized files now loaded: 0)
System memory in use before: 122.5 MB.
System memory in use after: 122.7 MB.

Unloading 142 unused Assets to reduce memory usage. Loaded Objects now: 2716.
Total: 4.575600 ms (FindLiveObjects: 0.242600 ms CreateObjectMapping: 0.058700 ms MarkObjects: 4.131900 ms  DeleteObjects: 0.141200 ms)

AssetImportParameters requested are different than current active one (requested -> active):
  custom:framework-win-MediaFoundation: 216162199b28c13a410421893ffa2e32 -> 
  custom:video-decoder-ogg-theora: a1e56fd34408186e4bbccfd4996cb3dc -> 
  custom:container-muxer-webm: aa71ff27fc2769a1b78a27578f13a17b -> 
  custom:container-demuxer-webm: 4f35f7cbe854078d1ac9338744f61a02 -> 
  custom:container-demuxer-ogg: 62fdf1f143b41e24485cea50d1cbac27 -> 
  custom:video-encoder-webm-vp8: eb34c28f22e8b96e1ab97ce403110664 -> 
  custom:video-decoder-webm-vp8: 9c59270c3fd7afecdb556c50c9e8de78 -> 
  custom:audio-decoder-ogg-vorbis: bf7c407c2cedff20999df2af8eb42d56 -> 
  custom:audio-encoder-webm-vorbis: bf7c407c2cedff20999df2af8eb42d56 -> 
========================================================================
Received Prepare
Registering precompiled user dll's ...
Registered in 0.003919 seconds.
Begin MonoManager ReloadAssembly
Native extension for WindowsStandalone target not found
Refreshing native plugins compatible for Editor in 0.77 ms, found 2 plugins.
Preloading 0 native plugins for Editor in 0.00 ms.
Mono: successfully reloaded assembly
- Completed reload, in  0.950 seconds
Platform modules already initialized, skipping
Refreshing native plugins compatible for Editor in 0.79 ms, found 2 plugins.
Preloading 0 native plugins for Editor in 0.00 ms.
Unloading 2280 Unused Serialized files (Serialized files now loaded: 0)
System memory in use before: 122.5 MB.
System memory in use after: 122.7 MB.

Unloading 142 unused Assets to reduce memory usage. Loaded Objects now: 2719.
Total: 4.787500 ms (FindLiveObjects: 0.225200 ms CreateObjectMapping: 0.055700 ms MarkObjects: 4.346300 ms  DeleteObjects: 0.158900 ms)

AssetImportParameters requested are different than current active one (requested -> active):
  custom:framework-win-MediaFoundation: 216162199b28c13a410421893ffa2e32 -> 
  custom:video-decoder-ogg-theora: a1e56fd34408186e4bbccfd4996cb3dc -> 
  custom:container-muxer-webm: aa71ff27fc2769a1b78a27578f13a17b -> 
  custom:container-demuxer-webm: 4f35f7cbe854078d1ac9338744f61a02 -> 
  custom:container-demuxer-ogg: 62fdf1f143b41e24485cea50d1cbac27 -> 
  custom:video-encoder-webm-vp8: eb34c28f22e8b96e1ab97ce403110664 -> 
  custom:video-decoder-webm-vp8: 9c59270c3fd7afecdb556c50c9e8de78 -> 
  custom:audio-decoder-ogg-vorbis: bf7c407c2cedff20999df2af8eb42d56 -> 
  custom:audio-encoder-webm-vorbis: bf7c407c2cedff20999df2af8eb42d56 -> 
========================================================================
Received Prepare
Registering precompiled user dll's ...
Registered in 0.003856 seconds.
Begin MonoManager ReloadAssembly
Native extension for WindowsStandalone target not found
Refreshing native plugins compatible for Editor in 0.78 ms, found 2 plugins.
Preloading 0 native plugins for Editor in 0.00 ms.
Mono: successfully reloaded assembly
- Completed reload, in  0.969 seconds
Platform modules already initialized, skipping
Refreshing native plugins compatible for Editor in 0.83 ms, found 2 plugins.
Preloading 0 native plugins for Editor in 0.00 ms.
Unloading 2280 Unused Serialized files (Serialized files now loaded: 0)
System memory in use before: 122.5 MB.
System memory in use after: 122.7 MB.

Unloading 142 unused Assets to reduce memory usage. Loaded Objects now: 2722.
Total: 4.985200 ms (FindLiveObjects: 0.261200 ms CreateObjectMapping: 0.064500 ms MarkObjects: 4.501800 ms  DeleteObjects: 0.156300 ms)

AssetImportParameters requested are different than current active one (requested -> active):
  custom:framework-win-MediaFoundation: 216162199b28c13a410421893ffa2e32 -> 
  custom:video-decoder-ogg-theora: a1e56fd34408186e4bbccfd4996cb3dc -> 
  custom:container-muxer-webm: aa71ff27fc2769a1b78a27578f13a17b -> 
  custom:container-demuxer-webm: 4f35f7cbe854078d1ac9338744f61a02 -> 
  custom:container-demuxer-ogg: 62fdf1f143b41e24485cea50d1cbac27 -> 
  custom:video-encoder-webm-vp8: eb34c28f22e8b96e1ab97ce403110664 -> 
  custom:video-decoder-webm-vp8: 9c59270c3fd7afecdb556c50c9e8de78 -> 
  custom:audio-decoder-ogg-vorbis: bf7c407c2cedff20999df2af8eb42d56 -> 
  custom:audio-encoder-webm-vorbis: bf7c407c2cedff20999df2af8eb42d56 -> 
========================================================================
Received Prepare
Registering precompiled user dll's ...
Registered in 0.003782 seconds.
Begin MonoManager ReloadAssembly
Native extension for WindowsStandalone target not found
Refreshing native plugins compatible for Editor in 0.79 ms, found 2 plugins.
Preloading 0 native plugins for Editor in 0.00 ms.
Mono: successfully reloaded assembly
- Completed reload, in  0.955 seconds
Platform modules already initialized, skipping
Refreshing native plugins compatible for Editor in 0.79 ms, found 2 plugins.
Preloading 0 native plugins for Editor in 0.00 ms.
Unloading 2280 Unused Serialized files (Serialized files now loaded: 0)
System memory in use before: 122.6 MB.
System memory in use after: 122.8 MB.

Unloading 142 unused Assets to reduce memory usage. Loaded Objects now: 2725.
Total: 4.637200 ms (FindLiveObjects: 0.222300 ms CreateObjectMapping: 0.064100 ms MarkObjects: 4.205200 ms  DeleteObjects: 0.144700 ms)

AssetImportParameters requested are different than current active one (requested -> active):
  custom:framework-win-MediaFoundation: 216162199b28c13a410421893ffa2e32 -> 
  custom:video-decoder-ogg-theora: a1e56fd34408186e4bbccfd4996cb3dc -> 
  custom:container-muxer-webm: aa71ff27fc2769a1b78a27578f13a17b -> 
  custom:container-demuxer-webm: 4f35f7cbe854078d1ac9338744f61a02 -> 
  custom:container-demuxer-ogg: 62fdf1f143b41e24485cea50d1cbac27 -> 
  custom:video-encoder-webm-vp8: eb34c28f22e8b96e1ab97ce403110664 -> 
  custom:video-decoder-webm-vp8: 9c59270c3fd7afecdb556c50c9e8de78 -> 
  custom:audio-decoder-ogg-vorbis: bf7c407c2cedff20999df2af8eb42d56 -> 
  custom:audio-encoder-webm-vorbis: bf7c407c2cedff20999df2af8eb42d56 -> 
========================================================================
Received Prepare
Registering precompiled user dll's ...
Registered in 0.004079 seconds.
Begin MonoManager ReloadAssembly
Native extension for WindowsStandalone target not found
Refreshing native plugins compatible for Editor in 0.81 ms, found 2 plugins.
Preloading 0 native plugins for Editor in 0.00 ms.
Mono: successfully reloaded assembly
- Completed reload, in  0.937 seconds
Platform modules already initialized, skipping
Refreshing native plugins compatible for Editor in 0.77 ms, found 2 plugins.
Preloading 0 native plugins for Editor in 0.00 ms.
Unloading 2280 Unused Serialized files (Serialized files now loaded: 0)
System memory in use before: 122.5 MB.
System memory in use after: 122.7 MB.

Unloading 142 unused Assets to reduce memory usage. Loaded Objects now: 2728.
Total: 4.746500 ms (FindLiveObjects: 0.243400 ms CreateObjectMapping: 0.068100 ms MarkObjects: 4.279500 ms  DeleteObjects: 0.154400 ms)

AssetImportParameters requested are different than current active one (requested -> active):
  custom:framework-win-MediaFoundation: 216162199b28c13a410421893ffa2e32 -> 
  custom:video-decoder-ogg-theora: a1e56fd34408186e4bbccfd4996cb3dc -> 
  custom:container-muxer-webm: aa71ff27fc2769a1b78a27578f13a17b -> 
  custom:container-demuxer-webm: 4f35f7cbe854078d1ac9338744f61a02 -> 
  custom:container-demuxer-ogg: 62fdf1f143b41e24485cea50d1cbac27 -> 
  custom:video-encoder-webm-vp8: eb34c28f22e8b96e1ab97ce403110664 -> 
  custom:video-decoder-webm-vp8: 9c59270c3fd7afecdb556c50c9e8de78 -> 
  custom:audio-decoder-ogg-vorbis: bf7c407c2cedff20999df2af8eb42d56 -> 
  custom:audio-encoder-webm-vorbis: bf7c407c2cedff20999df2af8eb42d56 -> 
========================================================================
Received Prepare
Registering precompiled user dll's ...
Registered in 0.003836 seconds.
Begin MonoManager ReloadAssembly
Native extension for WindowsStandalone target not found
Refreshing native plugins compatible for Editor in 0.78 ms, found 2 plugins.
Preloading 0 native plugins for Editor in 0.00 ms.
Mono: successfully reloaded assembly
- Completed reload, in  0.926 seconds
Platform modules already initialized, skipping
Refreshing native plugins compatible for Editor in 0.77 ms, found 2 plugins.
Preloading 0 native plugins for Editor in 0.00 ms.
Unloading 2280 Unused Serialized files (Serialized files now loaded: 0)
System memory in use before: 122.6 MB.
System memory in use after: 122.8 MB.

Unloading 142 unused Assets to reduce memory usage. Loaded Objects now: 2731.
Total: 4.612900 ms (FindLiveObjects: 0.269600 ms CreateObjectMapping: 0.095200 ms MarkObjects: 4.102300 ms  DeleteObjects: 0.145000 ms)

AssetImportParameters requested are different than current active one (requested -> active):
  custom:framework-win-MediaFoundation: 216162199b28c13a410421893ffa2e32 -> 
  custom:video-decoder-ogg-theora: a1e56fd34408186e4bbccfd4996cb3dc -> 
  custom:container-muxer-webm: aa71ff27fc2769a1b78a27578f13a17b -> 
  custom:container-demuxer-webm: 4f35f7cbe854078d1ac9338744f61a02 -> 
  custom:container-demuxer-ogg: 62fdf1f143b41e24485cea50d1cbac27 -> 
  custom:video-encoder-webm-vp8: eb34c28f22e8b96e1ab97ce403110664 -> 
  custom:video-decoder-webm-vp8: 9c59270c3fd7afecdb556c50c9e8de78 -> 
  custom:audio-decoder-ogg-vorbis: bf7c407c2cedff20999df2af8eb42d56 -> 
  custom:audio-encoder-webm-vorbis: bf7c407c2cedff20999df2af8eb42d56 -> 
========================================================================
Received Prepare
Registering precompiled user dll's ...
Registered in 0.004098 seconds.
Begin MonoManager ReloadAssembly
Native extension for WindowsStandalone target not found
Refreshing native plugins compatible for Editor in 0.78 ms, found 2 plugins.
Preloading 0 native plugins for Editor in 0.00 ms.
Mono: successfully reloaded assembly
- Completed reload, in  0.941 seconds
Platform modules already initialized, skipping
Refreshing native plugins compatible for Editor in 0.77 ms, found 2 plugins.
Preloading 0 native plugins for Editor in 0.00 ms.
Unloading 2280 Unused Serialized files (Serialized files now loaded: 0)
System memory in use before: 122.6 MB.
System memory in use after: 122.8 MB.

Unloading 142 unused Assets to reduce memory usage. Loaded Objects now: 2734.
Total: 4.598400 ms (FindLiveObjects: 0.273400 ms CreateObjectMapping: 0.094300 ms MarkObjects: 4.088300 ms  DeleteObjects: 0.141600 ms)

AssetImportParameters requested are different than current active one (requested -> active):
  custom:framework-win-MediaFoundation: 216162199b28c13a410421893ffa2e32 -> 
  custom:video-decoder-ogg-theora: a1e56fd34408186e4bbccfd4996cb3dc -> 
  custom:container-muxer-webm: aa71ff27fc2769a1b78a27578f13a17b -> 
  custom:container-demuxer-webm: 4f35f7cbe854078d1ac9338744f61a02 -> 
  custom:container-demuxer-ogg: 62fdf1f143b41e24485cea50d1cbac27 -> 
  custom:video-encoder-webm-vp8: eb34c28f22e8b96e1ab97ce403110664 -> 
  custom:video-decoder-webm-vp8: 9c59270c3fd7afecdb556c50c9e8de78 -> 
  custom:audio-decoder-ogg-vorbis: bf7c407c2cedff20999df2af8eb42d56 -> 
  custom:audio-encoder-webm-vorbis: bf7c407c2cedff20999df2af8eb42d56 -> 
========================================================================
Received Prepare
Registering precompiled user dll's ...
Registered in 0.003835 seconds.
Begin MonoManager ReloadAssembly
Native extension for WindowsStandalone target not found
Refreshing native plugins compatible for Editor in 0.82 ms, found 2 plugins.
Preloading 0 native plugins for Editor in 0.00 ms.
Mono: successfully reloaded assembly
- Completed reload, in  0.953 seconds
Platform modules already initialized, skipping
Refreshing native plugins compatible for Editor in 0.82 ms, found 2 plugins.
Preloading 0 native plugins for Editor in 0.00 ms.
Unloading 2280 Unused Serialized files (Serialized files now loaded: 0)
System memory in use before: 122.6 MB.
System memory in use after: 122.8 MB.

Unloading 142 unused Assets to reduce memory usage. Loaded Objects now: 2737.
Total: 4.930600 ms (FindLiveObjects: 0.242700 ms CreateObjectMapping: 0.054500 ms MarkObjects: 4.468400 ms  DeleteObjects: 0.163100 ms)

AssetImportParameters requested are different than current active one (requested -> active):
  custom:framework-win-MediaFoundation: 216162199b28c13a410421893ffa2e32 -> 
  custom:video-decoder-ogg-theora: a1e56fd34408186e4bbccfd4996cb3dc -> 
  custom:container-muxer-webm: aa71ff27fc2769a1b78a27578f13a17b -> 
  custom:container-demuxer-webm: 4f35f7cbe854078d1ac9338744f61a02 -> 
  custom:container-demuxer-ogg: 62fdf1f143b41e24485cea50d1cbac27 -> 
  custom:video-encoder-webm-vp8: eb34c28f22e8b96e1ab97ce403110664 -> 
  custom:video-decoder-webm-vp8: 9c59270c3fd7afecdb556c50c9e8de78 -> 
  custom:audio-decoder-ogg-vorbis: bf7c407c2cedff20999df2af8eb42d56 -> 
  custom:audio-encoder-webm-vorbis: bf7c407c2cedff20999df2af8eb42d56 -> 
========================================================================
Received Prepare
Registering precompiled user dll's ...
Registered in 0.003956 seconds.
Begin MonoManager ReloadAssembly
Native extension for WindowsStandalone target not found
Refreshing native plugins compatible for Editor in 0.78 ms, found 2 plugins.
Preloading 0 native plugins for Editor in 0.00 ms.
Mono: successfully reloaded assembly
- Completed reload, in  0.949 seconds
Platform modules already initialized, skipping
Refreshing native plugins compatible for Editor in 0.81 ms, found 2 plugins.
Preloading 0 native plugins for Editor in 0.00 ms.
Unloading 2280 Unused Serialized files (Serialized files now loaded: 0)
System memory in use before: 122.6 MB.
System memory in use after: 122.8 MB.

Unloading 142 unused Assets to reduce memory usage. Loaded Objects now: 2740.
Total: 5.055600 ms (FindLiveObjects: 0.228300 ms CreateObjectMapping: 0.054700 ms MarkObjects: 4.608400 ms  DeleteObjects: 0.162700 ms)

AssetImportParameters requested are different than current active one (requested -> active):
  custom:framework-win-MediaFoundation: 216162199b28c13a410421893ffa2e32 -> 
  custom:video-decoder-ogg-theora: a1e56fd34408186e4bbccfd4996cb3dc -> 
  custom:container-muxer-webm: aa71ff27fc2769a1b78a27578f13a17b -> 
  custom:container-demuxer-webm: 4f35f7cbe854078d1ac9338744f61a02 -> 
  custom:container-demuxer-ogg: 62fdf1f143b41e24485cea50d1cbac27 -> 
  custom:video-encoder-webm-vp8: eb34c28f22e8b96e1ab97ce403110664 -> 
  custom:video-decoder-webm-vp8: 9c59270c3fd7afecdb556c50c9e8de78 -> 
  custom:audio-decoder-ogg-vorbis: bf7c407c2cedff20999df2af8eb42d56 -> 
  custom:audio-encoder-webm-vorbis: bf7c407c2cedff20999df2af8eb42d56 -> 
========================================================================
Received Prepare
Registering precompiled user dll's ...
Registered in 0.004263 seconds.
Begin MonoManager ReloadAssembly
Native extension for WindowsStandalone target not found
Refreshing native plugins compatible for Editor in 0.77 ms, found 2 plugins.
Preloading 0 native plugins for Editor in 0.00 ms.
Mono: successfully reloaded assembly
- Completed reload, in  0.933 seconds
Platform modules already initialized, skipping
Refreshing native plugins compatible for Editor in 0.82 ms, found 2 plugins.
Preloading 0 native plugins for Editor in 0.00 ms.
Unloading 2280 Unused Serialized files (Serialized files now loaded: 0)
System memory in use before: 122.5 MB.
System memory in use after: 122.8 MB.

Unloading 142 unused Assets to reduce memory usage. Loaded Objects now: 2743.
Total: 4.585700 ms (FindLiveObjects: 0.198000 ms CreateObjectMapping: 0.054500 ms MarkObjects: 4.193100 ms  DeleteObjects: 0.139200 ms)

AssetImportParameters requested are different than current active one (requested -> active):
  custom:framework-win-MediaFoundation: 216162199b28c13a410421893ffa2e32 -> 
  custom:video-decoder-ogg-theora: a1e56fd34408186e4bbccfd4996cb3dc -> 
  custom:container-muxer-webm: aa71ff27fc2769a1b78a27578f13a17b -> 
  custom:container-demuxer-webm: 4f35f7cbe854078d1ac9338744f61a02 -> 
  custom:container-demuxer-ogg: 62fdf1f143b41e24485cea50d1cbac27 -> 
  custom:video-encoder-webm-vp8: eb34c28f22e8b96e1ab97ce403110664 -> 
  custom:video-decoder-webm-vp8: 9c59270c3fd7afecdb556c50c9e8de78 -> 
  custom:audio-decoder-ogg-vorbis: bf7c407c2cedff20999df2af8eb42d56 -> 
  custom:audio-encoder-webm-vorbis: bf7c407c2cedff20999df2af8eb42d56 -> 
========================================================================
Received Import Request.
  Time since last request: 11003.080076 seconds.
  path: Assets/Terra/Example/Noise.asset
  artifactKey: Guid(94778d6108708a94c9784ad0f74ba864) Importer(815301076,1909f56bfc062723c751e8b465ee728b)
Start importing Assets/Terra/Example/Noise.asset using Guid(94778d6108708a94c9784ad0f74ba864) Importer(815301076,1909f56bfc062723c751e8b465ee728b)  -> (artifact id: '8f35774688fb1704c1764740cdfe3211') in 0.030247 seconds 
  Import took 0.033922 seconds .

========================================================================
Received Import Request.
  Time since last request: 0.006340 seconds.
  path: Assets/Terra/Example/Noise.asset
  artifactKey: Guid(94778d6108708a94c9784ad0f74ba864) Importer(815301076,1909f56bfc062723c751e8b465ee728b)
Start importing Assets/Terra/Example/Noise.asset using Guid(94778d6108708a94c9784ad0f74ba864) Importer(815301076,1909f56bfc062723c751e8b465ee728b)  -> (artifact id: '8f35774688fb1704c1764740cdfe3211') in 0.012342 seconds 
  Import took 0.015080 seconds .

========================================================================
Received Import Request.
  Time since last request: 30.076082 seconds.
  path: Assets/Terra/Example/Noise.asset
  artifactKey: Guid(94778d6108708a94c9784ad0f74ba864) Importer(815301076,1909f56bfc062723c751e8b465ee728b)
Start importing Assets/Terra/Example/Noise.asset using Guid(94778d6108708a94c9784ad0f74ba864) Importer(815301076,1909f56bfc062723c751e8b465ee728b)  -> (artifact id: '4031f1d59ab55fd92e9cbecd135c1d50') in 0.011342 seconds 
  Import took 0.014739 seconds .

========================================================================
Received Import Request.
  Time since last request: 1.168610 seconds.
  path: Assets/Terra/Example/Noise.asset
  artifactKey: Guid(94778d6108708a94c9784ad0f74ba864) Importer(815301076,1909f56bfc062723c751e8b465ee728b)
Start importing Assets/Terra/Example/Noise.asset using Guid(94778d6108708a94c9784ad0f74ba864) Importer(815301076,1909f56bfc062723c751e8b465ee728b)  -> (artifact id: '769e4a042f52a6787b1d2511111266af') in 0.009774 seconds 
  Import took 0.012938 seconds .

========================================================================
Received Import Request.
  Time since last request: 4.733270 seconds.
  path: Assets/Terra/Example/Noise.asset
  artifactKey: Guid(94778d6108708a94c9784ad0f74ba864) Importer(815301076,1909f56bfc062723c751e8b465ee728b)
Start importing Assets/Terra/Example/Noise.asset using Guid(94778d6108708a94c9784ad0f74ba864) Importer(815301076,1909f56bfc062723c751e8b465ee728b)  -> (artifact id: 'eef223a0df0c04472f40e8df84d06b1e') in 0.009806 seconds 
  Import took 0.012953 seconds .

========================================================================
Received Import Request.
  Time since last request: 63.846263 seconds.
  path: Assets/Terra/Example/Noise.asset
  artifactKey: Guid(94778d6108708a94c9784ad0f74ba864) Importer(815301076,1909f56bfc062723c751e8b465ee728b)
Start importing Assets/Terra/Example/Noise.asset using Guid(94778d6108708a94c9784ad0f74ba864) Importer(815301076,1909f56bfc062723c751e8b465ee728b)  -> (artifact id: 'eec44c73430f765b794229564f5b63e3') in 0.009601 seconds 
  Import took 0.012898 seconds .

========================================================================
Received Import Request.
  Time since last request: 2.757362 seconds.
  path: Assets/Terra/Example/Noise.asset
  artifactKey: Guid(94778d6108708a94c9784ad0f74ba864) Importer(815301076,1909f56bfc062723c751e8b465ee728b)
Start importing Assets/Terra/Example/Noise.asset using Guid(94778d6108708a94c9784ad0f74ba864) Importer(815301076,1909f56bfc062723c751e8b465ee728b)  -> (artifact id: '1baff974361389815d1b5b2d90ce1d1c') in 0.009823 seconds 
  Import took 0.013046 seconds .

========================================================================
Received Import Request.
  Time since last request: 0.787653 seconds.
  path: Assets/Terra/Example/Noise.asset
  artifactKey: Guid(94778d6108708a94c9784ad0f74ba864) Importer(815301076,1909f56bfc062723c751e8b465ee728b)
Start importing Assets/Terra/Example/Noise.asset using Guid(94778d6108708a94c9784ad0f74ba864) Importer(815301076,1909f56bfc062723c751e8b465ee728b)  -> (artifact id: '79cd6d49d3ebdcbffc4bb5a26829e537') in 0.009569 seconds 
  Import took 0.012786 seconds .

========================================================================
Received Prepare
Registering precompiled user dll's ...
Registered in 0.003983 seconds.
Begin MonoManager ReloadAssembly
Native extension for WindowsStandalone target not found
Refreshing native plugins compatible for Editor in 0.78 ms, found 2 plugins.
Preloading 0 native plugins for Editor in 0.00 ms.
Mono: successfully reloaded assembly
- Completed reload, in  0.926 seconds
Platform modules already initialized, skipping
Refreshing native plugins compatible for Editor in 0.82 ms, found 2 plugins.
Preloading 0 native plugins for Editor in 0.00 ms.
Unloading 2280 Unused Serialized files (Serialized files now loaded: 0)
System memory in use before: 124.0 MB.
System memory in use after: 124.2 MB.

Unloading 142 unused Assets to reduce memory usage. Loaded Objects now: 2746.
Total: 4.878900 ms (FindLiveObjects: 0.228800 ms CreateObjectMapping: 0.057500 ms MarkObjects: 4.450300 ms  DeleteObjects: 0.141500 ms)

AssetImportParameters requested are different than current active one (requested -> active):
  custom:framework-win-MediaFoundation: 216162199b28c13a410421893ffa2e32 -> 
  custom:video-decoder-ogg-theora: a1e56fd34408186e4bbccfd4996cb3dc -> 
  custom:container-muxer-webm: aa71ff27fc2769a1b78a27578f13a17b -> 
  custom:container-demuxer-webm: 4f35f7cbe854078d1ac9338744f61a02 -> 
  custom:container-demuxer-ogg: 62fdf1f143b41e24485cea50d1cbac27 -> 
  custom:video-encoder-webm-vp8: eb34c28f22e8b96e1ab97ce403110664 -> 
  custom:video-decoder-webm-vp8: 9c59270c3fd7afecdb556c50c9e8de78 -> 
  custom:audio-decoder-ogg-vorbis: bf7c407c2cedff20999df2af8eb42d56 -> 
  custom:audio-encoder-webm-vorbis: bf7c407c2cedff20999df2af8eb42d56 -> 
========================================================================
Received Import Request.
  Time since last request: 521.522244 seconds.
  path: Assets/Terra/Example/Noise.asset
  artifactKey: Guid(94778d6108708a94c9784ad0f74ba864) Importer(815301076,1909f56bfc062723c751e8b465ee728b)
Start importing Assets/Terra/Example/Noise.asset using Guid(94778d6108708a94c9784ad0f74ba864) Importer(815301076,1909f56bfc062723c751e8b465ee728b)  -> (artifact id: '633a22d751319f16cdc4474d809a9672') in 0.021329 seconds 
  Import took 0.025136 seconds .

========================================================================
Received Import Request.
  Time since last request: 79.866654 seconds.
  path: Assets/Terra/Example/Noise.asset
  artifactKey: Guid(94778d6108708a94c9784ad0f74ba864) Importer(815301076,1909f56bfc062723c751e8b465ee728b)
Start importing Assets/Terra/Example/Noise.asset using Guid(94778d6108708a94c9784ad0f74ba864) Importer(815301076,1909f56bfc062723c751e8b465ee728b)  -> (artifact id: '61ac22878dd85f6ebe18467d23965072') in 0.010575 seconds 
  Import took 0.013918 seconds .

========================================================================
Received Prepare
Registering precompiled user dll's ...
Registered in 0.004024 seconds.
Begin MonoManager ReloadAssembly
Native extension for WindowsStandalone target not found
Refreshing native plugins compatible for Editor in 0.79 ms, found 2 plugins.
Preloading 0 native plugins for Editor in 0.00 ms.
Mono: successfully reloaded assembly
- Completed reload, in  0.965 seconds
Platform modules already initialized, skipping
Refreshing native plugins compatible for Editor in 0.85 ms, found 2 plugins.
Preloading 0 native plugins for Editor in 0.00 ms.
Unloading 2280 Unused Serialized files (Serialized files now loaded: 0)
System memory in use before: 124.0 MB.
System memory in use after: 124.2 MB.

Unloading 142 unused Assets to reduce memory usage. Loaded Objects now: 2749.
Total: 4.645600 ms (FindLiveObjects: 0.214400 ms CreateObjectMapping: 0.054400 ms MarkObjects: 4.235400 ms  DeleteObjects: 0.140600 ms)

AssetImportParameters requested are different than current active one (requested -> active):
  custom:framework-win-MediaFoundation: 216162199b28c13a410421893ffa2e32 -> 
  custom:video-decoder-ogg-theora: a1e56fd34408186e4bbccfd4996cb3dc -> 
  custom:container-muxer-webm: aa71ff27fc2769a1b78a27578f13a17b -> 
  custom:container-demuxer-webm: 4f35f7cbe854078d1ac9338744f61a02 -> 
  custom:container-demuxer-ogg: 62fdf1f143b41e24485cea50d1cbac27 -> 
  custom:video-encoder-webm-vp8: eb34c28f22e8b96e1ab97ce403110664 -> 
  custom:video-decoder-webm-vp8: 9c59270c3fd7afecdb556c50c9e8de78 -> 
  custom:audio-decoder-ogg-vorbis: bf7c407c2cedff20999df2af8eb42d56 -> 
  custom:audio-encoder-webm-vorbis: bf7c407c2cedff20999df2af8eb42d56 -> 
========================================================================
Received Prepare
Registering precompiled user dll's ...
Registered in 0.003942 seconds.
Begin MonoManager ReloadAssembly
Native extension for WindowsStandalone target not found
Refreshing native plugins compatible for Editor in 0.78 ms, found 2 plugins.
Preloading 0 native plugins for Editor in 0.00 ms.
Mono: successfully reloaded assembly
- Completed reload, in  0.947 seconds
Platform modules already initialized, skipping
Refreshing native plugins compatible for Editor in 0.94 ms, found 2 plugins.
Preloading 0 native plugins for Editor in 0.00 ms.
Unloading 2280 Unused Serialized files (Serialized files now loaded: 0)
System memory in use before: 122.7 MB.
System memory in use after: 122.9 MB.

Unloading 142 unused Assets to reduce memory usage. Loaded Objects now: 2752.
Total: 4.653200 ms (FindLiveObjects: 0.210600 ms CreateObjectMapping: 0.054700 ms MarkObjects: 4.249800 ms  DeleteObjects: 0.137200 ms)

AssetImportParameters requested are different than current active one (requested -> active):
  custom:framework-win-MediaFoundation: 216162199b28c13a410421893ffa2e32 -> 
  custom:video-decoder-ogg-theora: a1e56fd34408186e4bbccfd4996cb3dc -> 
  custom:container-muxer-webm: aa71ff27fc2769a1b78a27578f13a17b -> 
  custom:container-demuxer-webm: 4f35f7cbe854078d1ac9338744f61a02 -> 
  custom:container-demuxer-ogg: 62fdf1f143b41e24485cea50d1cbac27 -> 
  custom:video-encoder-webm-vp8: eb34c28f22e8b96e1ab97ce403110664 -> 
  custom:video-decoder-webm-vp8: 9c59270c3fd7afecdb556c50c9e8de78 -> 
  custom:audio-decoder-ogg-vorbis: bf7c407c2cedff20999df2af8eb42d56 -> 
  custom:audio-encoder-webm-vorbis: bf7c407c2cedff20999df2af8eb42d56 -> 
========================================================================
Received Import Request.
  Time since last request: 211.441797 seconds.
  path: Assets/Terra/Example/Noise.asset
  artifactKey: Guid(94778d6108708a94c9784ad0f74ba864) Importer(815301076,1909f56bfc062723c751e8b465ee728b)
Start importing Assets/Terra/Example/Noise.asset using Guid(94778d6108708a94c9784ad0f74ba864) Importer(815301076,1909f56bfc062723c751e8b465ee728b)  -> (artifact id: 'f38cf3b207fd15ab9620444abf727743') in 0.020040 seconds 
  Import took 0.023906 seconds .

========================================================================
Received Import Request.
  Time since last request: 4.149696 seconds.
  path: Assets/Terra/Example/Noise.asset
  artifactKey: Guid(94778d6108708a94c9784ad0f74ba864) Importer(815301076,1909f56bfc062723c751e8b465ee728b)
Start importing Assets/Terra/Example/Noise.asset using Guid(94778d6108708a94c9784ad0f74ba864) Importer(815301076,1909f56bfc062723c751e8b465ee728b)  -> (artifact id: '69ca09fbb41faaa31b6ffd4427ef66d0') in 0.010161 seconds 
  Import took 0.013475 seconds .

========================================================================
Received Import Request.
  Time since last request: 11.381826 seconds.
  path: Assets/Terra/Example/Noise.asset
  artifactKey: Guid(94778d6108708a94c9784ad0f74ba864) Importer(815301076,1909f56bfc062723c751e8b465ee728b)
Start importing Assets/Terra/Example/Noise.asset using Guid(94778d6108708a94c9784ad0f74ba864) Importer(815301076,1909f56bfc062723c751e8b465ee728b)  -> (artifact id: '38d4cab7b743e3ff55e93efa3fe362fa') in 0.012671 seconds 
  Import took 0.015898 seconds .

========================================================================
Received Import Request.
  Time since last request: 7.812858 seconds.
  path: Assets/Terra/Example/Noise.asset
  artifactKey: Guid(94778d6108708a94c9784ad0f74ba864) Importer(815301076,1909f56bfc062723c751e8b465ee728b)
Start importing Assets/Terra/Example/Noise.asset using Guid(94778d6108708a94c9784ad0f74ba864) Importer(815301076,1909f56bfc062723c751e8b465ee728b)  -> (artifact id: '97616176a761ec8d038c7527fdc2f632') in 0.010464 seconds 
  Import took 0.013668 seconds .

========================================================================
Received Import Request.
  Time since last request: 14.553909 seconds.
  path: Assets/Terra/Example/Noise.asset
  artifactKey: Guid(94778d6108708a94c9784ad0f74ba864) Importer(815301076,1909f56bfc062723c751e8b465ee728b)
Start importing Assets/Terra/Example/Noise.asset using Guid(94778d6108708a94c9784ad0f74ba864) Importer(815301076,1909f56bfc062723c751e8b465ee728b)  -> (artifact id: '658d4fc2b44b5216d966051782c588cd') in 0.010509 seconds 
  Import took 0.013804 seconds .

========================================================================
Received Prepare
Registering precompiled user dll's ...
Registered in 0.004109 seconds.
Begin MonoManager ReloadAssembly
Native extension for WindowsStandalone target not found
Refreshing native plugins compatible for Editor in 0.77 ms, found 2 plugins.
Preloading 0 native plugins for Editor in 0.00 ms.
Mono: successfully reloaded assembly
- Completed reload, in  0.915 seconds
Platform modules already initialized, skipping
Refreshing native plugins compatible for Editor in 0.84 ms, found 2 plugins.
Preloading 0 native plugins for Editor in 0.00 ms.
Unloading 2280 Unused Serialized files (Serialized files now loaded: 0)
System memory in use before: 124.0 MB.
System memory in use after: 124.2 MB.

Unloading 142 unused Assets to reduce memory usage. Loaded Objects now: 2755.
Total: 4.714600 ms (FindLiveObjects: 0.218600 ms CreateObjectMapping: 0.062000 ms MarkObjects: 4.297100 ms  DeleteObjects: 0.136100 ms)

AssetImportParameters requested are different than current active one (requested -> active):
  custom:framework-win-MediaFoundation: 216162199b28c13a410421893ffa2e32 -> 
  custom:video-decoder-ogg-theora: a1e56fd34408186e4bbccfd4996cb3dc -> 
  custom:container-muxer-webm: aa71ff27fc2769a1b78a27578f13a17b -> 
  custom:container-demuxer-webm: 4f35f7cbe854078d1ac9338744f61a02 -> 
  custom:container-demuxer-ogg: 62fdf1f143b41e24485cea50d1cbac27 -> 
  custom:video-encoder-webm-vp8: eb34c28f22e8b96e1ab97ce403110664 -> 
  custom:video-decoder-webm-vp8: 9c59270c3fd7afecdb556c50c9e8de78 -> 
  custom:audio-decoder-ogg-vorbis: bf7c407c2cedff20999df2af8eb42d56 -> 
  custom:audio-encoder-webm-vorbis: bf7c407c2cedff20999df2af8eb42d56 -> 
========================================================================
Received Prepare
Registering precompiled user dll's ...
Registered in 0.004071 seconds.
Begin MonoManager ReloadAssembly
Native extension for WindowsStandalone target not found
Refreshing native plugins compatible for Editor in 0.77 ms, found 2 plugins.
Preloading 0 native plugins for Editor in 0.00 ms.
Mono: successfully reloaded assembly
- Completed reload, in  0.912 seconds
Platform modules already initialized, skipping
Refreshing native plugins compatible for Editor in 0.77 ms, found 2 plugins.
Preloading 0 native plugins for Editor in 0.00 ms.
Unloading 2280 Unused Serialized files (Serialized files now loaded: 0)
System memory in use before: 122.6 MB.
System memory in use after: 122.8 MB.

Unloading 142 unused Assets to reduce memory usage. Loaded Objects now: 2758.
Total: 4.712900 ms (FindLiveObjects: 0.205100 ms CreateObjectMapping: 0.055300 ms MarkObjects: 4.318300 ms  DeleteObjects: 0.133300 ms)

AssetImportParameters requested are different than current active one (requested -> active):
  custom:framework-win-MediaFoundation: 216162199b28c13a410421893ffa2e32 -> 
  custom:video-decoder-ogg-theora: a1e56fd34408186e4bbccfd4996cb3dc -> 
  custom:container-muxer-webm: aa71ff27fc2769a1b78a27578f13a17b -> 
  custom:container-demuxer-webm: 4f35f7cbe854078d1ac9338744f61a02 -> 
  custom:container-demuxer-ogg: 62fdf1f143b41e24485cea50d1cbac27 -> 
  custom:video-encoder-webm-vp8: eb34c28f22e8b96e1ab97ce403110664 -> 
  custom:video-decoder-webm-vp8: 9c59270c3fd7afecdb556c50c9e8de78 -> 
  custom:audio-decoder-ogg-vorbis: bf7c407c2cedff20999df2af8eb42d56 -> 
  custom:audio-encoder-webm-vorbis: bf7c407c2cedff20999df2af8eb42d56 -> 
========================================================================
Received Import Request.
  Time since last request: 93.237395 seconds.
  path: Assets/Terra/Example/Noise.asset
  artifactKey: Guid(94778d6108708a94c9784ad0f74ba864) Importer(815301076,1909f56bfc062723c751e8b465ee728b)
Start importing Assets/Terra/Example/Noise.asset using Guid(94778d6108708a94c9784ad0f74ba864) Importer(815301076,1909f56bfc062723c751e8b465ee728b)  -> (artifact id: 'f3993ff8115abb3d480e5b154349e17f') in 0.019850 seconds 
  Import took 0.023689 seconds .

========================================================================
Received Import Request.
  Time since last request: 25.194682 seconds.
  path: Assets/Terra/Example/Noise.asset
  artifactKey: Guid(94778d6108708a94c9784ad0f74ba864) Importer(815301076,1909f56bfc062723c751e8b465ee728b)
Start importing Assets/Terra/Example/Noise.asset using Guid(94778d6108708a94c9784ad0f74ba864) Importer(815301076,1909f56bfc062723c751e8b465ee728b)  -> (artifact id: 'e20a6f194e644206957d32314690580b') in 0.010280 seconds 
  Import took 0.013499 seconds .

========================================================================
Received Import Request.
  Time since last request: 19.952678 seconds.
  path: Assets/Terra/Example/Noise.asset
  artifactKey: Guid(94778d6108708a94c9784ad0f74ba864) Importer(815301076,1909f56bfc062723c751e8b465ee728b)
Start importing Assets/Terra/Example/Noise.asset using Guid(94778d6108708a94c9784ad0f74ba864) Importer(815301076,1909f56bfc062723c751e8b465ee728b)  -> (artifact id: 'afba6ec58fc47679ef361ba62185fdd5') in 0.010460 seconds 
  Import took 0.013692 seconds .

========================================================================
Received Import Request.
  Time since last request: 92.090434 seconds.
  path: Assets/Assets.index
  artifactKey: Guid(9d5b872f50b2ffc49bf269456c36d619) Importer(815301076,1909f56bfc062723c751e8b465ee728b)
Start importing Assets/Assets.index using Guid(9d5b872f50b2ffc49bf269456c36d619) Importer(815301076,1909f56bfc062723c751e8b465ee728b)  -> (artifact id: '1249d0f65ea5f272c042f364d6e669f3') in 0.024466 seconds 
  Import took 0.027687 seconds .

========================================================================
Received Import Request.
  Time since last request: 19.374535 seconds.
  path: Assets/TerraPreview.jpg
  artifactKey: Guid(cf58825bacb5bfd478f4930f2039cfc5) Importer(815301076,1909f56bfc062723c751e8b465ee728b)
Start importing Assets/TerraPreview.jpg using Guid(cf58825bacb5bfd478f4930f2039cfc5) Importer(815301076,1909f56bfc062723c751e8b465ee728b)  -> (artifact id: '2e5e7bd1dcaf9c67d259dd37da92c89a') in 0.053593 seconds 
  Import took 0.056724 seconds .

========================================================================
Received Import Request.
  Time since last request: 0.003681 seconds.
  path: Assets/TerraPreview.jpg
  artifactKey: Guid(cf58825bacb5bfd478f4930f2039cfc5) Importer(815301076,1909f56bfc062723c751e8b465ee728b)
Start importing Assets/TerraPreview.jpg using Guid(cf58825bacb5bfd478f4930f2039cfc5) Importer(815301076,1909f56bfc062723c751e8b465ee728b)  -> (artifact id: '2e5e7bd1dcaf9c67d259dd37da92c89a') in 0.009846 seconds 
  Import took 0.012901 seconds .

========================================================================
Received Import Request.
  Time since last request: 0.548179 seconds.
  path: Assets/Assets.index
  artifactKey: Guid(9d5b872f50b2ffc49bf269456c36d619) Importer(815301076,1909f56bfc062723c751e8b465ee728b)
Start importing Assets/Assets.index using Guid(9d5b872f50b2ffc49bf269456c36d619) Importer(815301076,1909f56bfc062723c751e8b465ee728b)  -> (artifact id: '8bc28fc662cac496c380b3ce50579d1e') in 0.003704 seconds 
  Import took 0.006689 seconds .

========================================================================
Received Import Request.
  Time since last request: 0.008355 seconds.
  path: Assets/Assets.index
  artifactKey: Guid(9d5b872f50b2ffc49bf269456c36d619) Importer(815301076,1909f56bfc062723c751e8b465ee728b)
Start importing Assets/Assets.index using Guid(9d5b872f50b2ffc49bf269456c36d619) Importer(815301076,1909f56bfc062723c751e8b465ee728b)  -> (artifact id: '8bc28fc662cac496c380b3ce50579d1e') in 0.003329 seconds 
  Import took 0.006324 seconds .

========================================================================
Received Import Request.
  Time since last request: 12.002438 seconds.
  path: Assets/Assets.index
  artifactKey: Guid(9d5b872f50b2ffc49bf269456c36d619) Importer(815301076,1909f56bfc062723c751e8b465ee728b)
Start importing Assets/Assets.index using Guid(9d5b872f50b2ffc49bf269456c36d619) Importer(815301076,1909f56bfc062723c751e8b465ee728b)  -> (artifact id: '6cfb6b32a73eefc3d6854ad29ec8fb8e') in 0.003288 seconds 
  Import took 0.006261 seconds .

========================================================================
Received Import Request.
  Time since last request: 2.061877 seconds.
  path: Assets/Assets.index
  artifactKey: Guid(9d5b872f50b2ffc49bf269456c36d619) Importer(815301076,1909f56bfc062723c751e8b465ee728b)
Start importing Assets/Assets.index using Guid(9d5b872f50b2ffc49bf269456c36d619) Importer(815301076,1909f56bfc062723c751e8b465ee728b)  -> (artifact id: '70705305f8025561516a0c434790aa8b') in 0.004106 seconds 
  Import took 0.007033 seconds .

========================================================================
Received Import Request.
  Time since last request: 1.975010 seconds.
  path: Assets/Assets.index
  artifactKey: Guid(9d5b872f50b2ffc49bf269456c36d619) Importer(815301076,1909f56bfc062723c751e8b465ee728b)
Start importing Assets/Assets.index using Guid(9d5b872f50b2ffc49bf269456c36d619) Importer(815301076,1909f56bfc062723c751e8b465ee728b)  -> (artifact id: '9c92d4d8c4b1f3636e0f3fc710f9fe67') in 0.003113 seconds 
  Import took 0.005984 seconds .

========================================================================
Received Import Request.
  Time since last request: 4.713522 seconds.
  path: Assets/Assets.index
  artifactKey: Guid(9d5b872f50b2ffc49bf269456c36d619) Importer(815301076,1909f56bfc062723c751e8b465ee728b)
Start importing Assets/Assets.index using Guid(9d5b872f50b2ffc49bf269456c36d619) Importer(815301076,1909f56bfc062723c751e8b465ee728b)  -> (artifact id: '465310151633dcd86c5b806cf9ecf73e') in 0.003246 seconds 
  Import took 0.006115 seconds .

========================================================================
Received Import Request.
  Time since last request: 1.502620 seconds.
  path: Assets/Assets.index
  artifactKey: Guid(9d5b872f50b2ffc49bf269456c36d619) Importer(815301076,1909f56bfc062723c751e8b465ee728b)
Start importing Assets/Assets.index using Guid(9d5b872f50b2ffc49bf269456c36d619) Importer(815301076,1909f56bfc062723c751e8b465ee728b)  -> (artifact id: '01de04c0d9b984e0edfa59ecc56966c7') in 0.003172 seconds 
  Import took 0.006131 seconds .

========================================================================
Received Import Request.
  Time since last request: 2.296129 seconds.
  path: Assets/Assets.index
  artifactKey: Guid(9d5b872f50b2ffc49bf269456c36d619) Importer(815301076,1909f56bfc062723c751e8b465ee728b)
Start importing Assets/Assets.index using Guid(9d5b872f50b2ffc49bf269456c36d619) Importer(815301076,1909f56bfc062723c751e8b465ee728b)  -> (artifact id: '0fb13ba0fbabe08a2e35e4a25a12a22d') in 0.004128 seconds 
  Import took 0.007066 seconds .

========================================================================
Received Import Request.
  Time since last request: 4.515276 seconds.
  path: Assets/Assets.index
  artifactKey: Guid(9d5b872f50b2ffc49bf269456c36d619) Importer(815301076,1909f56bfc062723c751e8b465ee728b)
Start importing Assets/Assets.index using Guid(9d5b872f50b2ffc49bf269456c36d619) Importer(815301076,1909f56bfc062723c751e8b465ee728b)  -> (artifact id: '4b600255e4ecf9a926fbfb5b6b9c6f93') in 0.003232 seconds 
  Import took 0.006214 seconds .

========================================================================
Received Import Request.
  Time since last request: 3.960395 seconds.
  path: Assets/Assets.index
  artifactKey: Guid(9d5b872f50b2ffc49bf269456c36d619) Importer(815301076,1909f56bfc062723c751e8b465ee728b)
Start importing Assets/Assets.index using Guid(9d5b872f50b2ffc49bf269456c36d619) Importer(815301076,1909f56bfc062723c751e8b465ee728b)  -> (artifact id: 'e730701af106ec3d1ed72728383ea790') in 0.003290 seconds 
  Import took 0.006221 seconds .

========================================================================
Received Import Request.
  Time since last request: 3.762704 seconds.
  path: Assets/Terra/Example/Noise.asset
  artifactKey: Guid(94778d6108708a94c9784ad0f74ba864) Importer(815301076,1909f56bfc062723c751e8b465ee728b)
Start importing Assets/Terra/Example/Noise.asset using Guid(94778d6108708a94c9784ad0f74ba864) Importer(815301076,1909f56bfc062723c751e8b465ee728b)  -> (artifact id: '59f2dabaab726b6c324b53f3416d8222') in 0.010398 seconds 
  Import took 0.013570 seconds .

========================================================================
Received Import Request.
  Time since last request: 0.676326 seconds.
  path: Assets/Terra/Example/Noise.asset
  artifactKey: Guid(94778d6108708a94c9784ad0f74ba864) Importer(815301076,1909f56bfc062723c751e8b465ee728b)
Start importing Assets/Terra/Example/Noise.asset using Guid(94778d6108708a94c9784ad0f74ba864) Importer(815301076,1909f56bfc062723c751e8b465ee728b)  -> (artifact id: 'b8cb02d8846458d2713f8a70b9a94379') in 0.009623 seconds 
  Import took 0.012843 seconds .

========================================================================
Received Import Request.
  Time since last request: 0.603874 seconds.
  path: Assets/Assets.index
  artifactKey: Guid(9d5b872f50b2ffc49bf269456c36d619) Importer(815301076,1909f56bfc062723c751e8b465ee728b)
Start importing Assets/Assets.index using Guid(9d5b872f50b2ffc49bf269456c36d619) Importer(815301076,1909f56bfc062723c751e8b465ee728b)  -> (artifact id: 'ff356ed3707c102c1165c4288b385f0c') in 0.003172 seconds 
  Import took 0.006103 seconds .

========================================================================
Received Prepare
Registering precompiled user dll's ...
Registered in 0.003947 seconds.
Begin MonoManager ReloadAssembly
Native extension for WindowsStandalone target not found
Refreshing native plugins compatible for Editor in 0.78 ms, found 2 plugins.
Preloading 0 native plugins for Editor in 0.00 ms.
Mono: successfully reloaded assembly
- Completed reload, in  0.964 seconds
Platform modules already initialized, skipping
Refreshing native plugins compatible for Editor in 0.79 ms, found 2 plugins.
Preloading 0 native plugins for Editor in 0.00 ms.
Unloading 2280 Unused Serialized files (Serialized files now loaded: 0)
System memory in use before: 122.8 MB.
System memory in use after: 123.0 MB.

Unloading 142 unused Assets to reduce memory usage. Loaded Objects now: 2763.
Total: 5.353900 ms (FindLiveObjects: 0.242700 ms CreateObjectMapping: 0.055100 ms MarkObjects: 4.872500 ms  DeleteObjects: 0.181800 ms)

AssetImportParameters requested are different than current active one (requested -> active):
  custom:framework-win-MediaFoundation: 216162199b28c13a410421893ffa2e32 -> 
  custom:video-decoder-ogg-theora: a1e56fd34408186e4bbccfd4996cb3dc -> 
  custom:container-muxer-webm: aa71ff27fc2769a1b78a27578f13a17b -> 
  custom:container-demuxer-webm: 4f35f7cbe854078d1ac9338744f61a02 -> 
  custom:container-demuxer-ogg: 62fdf1f143b41e24485cea50d1cbac27 -> 
  custom:video-encoder-webm-vp8: eb34c28f22e8b96e1ab97ce403110664 -> 
  custom:video-decoder-webm-vp8: 9c59270c3fd7afecdb556c50c9e8de78 -> 
  custom:audio-decoder-ogg-vorbis: bf7c407c2cedff20999df2af8eb42d56 -> 
  custom:audio-encoder-webm-vorbis: bf7c407c2cedff20999df2af8eb42d56 -> 
========================================================================
Received Import Request.
  Time since last request: 41.309763 seconds.
  path: Assets/Terra/Example/Noise.asset
  artifactKey: Guid(94778d6108708a94c9784ad0f74ba864) Importer(815301076,1909f56bfc062723c751e8b465ee728b)
Start importing Assets/Terra/Example/Noise.asset using Guid(94778d6108708a94c9784ad0f74ba864) Importer(815301076,1909f56bfc062723c751e8b465ee728b)  -> (artifact id: 'b3898155830ecbf5a35bf6f6419cdaa5') in 0.021789 seconds 
  Import took 0.025896 seconds .

========================================================================
Received Import Request.
  Time since last request: 0.588710 seconds.
  path: Assets/Assets.index
  artifactKey: Guid(9d5b872f50b2ffc49bf269456c36d619) Importer(815301076,1909f56bfc062723c751e8b465ee728b)
Start importing Assets/Assets.index using Guid(9d5b872f50b2ffc49bf269456c36d619) Importer(815301076,1909f56bfc062723c751e8b465ee728b)  -> (artifact id: 'b9aa82e3b70baefdae95d0c9378a5557') in 0.021512 seconds 
  Import took 0.024539 seconds .

========================================================================
Received Import Request.
  Time since last request: 12.709498 seconds.
  path: Assets/Terra/Example/Noise.asset
  artifactKey: Guid(94778d6108708a94c9784ad0f74ba864) Importer(815301076,1909f56bfc062723c751e8b465ee728b)
Start importing Assets/Terra/Example/Noise.asset using Guid(94778d6108708a94c9784ad0f74ba864) Importer(815301076,1909f56bfc062723c751e8b465ee728b)  -> (artifact id: 'd947e14db4bbf4e2d13893d1e552a920') in 0.010171 seconds 
  Import took 0.013444 seconds .

========================================================================
Received Import Request.
  Time since last request: 0.563642 seconds.
  path: Assets/Assets.index
  artifactKey: Guid(9d5b872f50b2ffc49bf269456c36d619) Importer(815301076,1909f56bfc062723c751e8b465ee728b)
Start importing Assets/Assets.index using Guid(9d5b872f50b2ffc49bf269456c36d619) Importer(815301076,1909f56bfc062723c751e8b465ee728b)  -> (artifact id: '9c4e31dc061751b17ca04d328c348b28') in 0.003565 seconds 
  Import took 0.006692 seconds .

========================================================================
Received Import Request.
  Time since last request: 10.014167 seconds.
  path: Assets/Terra/Example/Noise.asset
  artifactKey: Guid(94778d6108708a94c9784ad0f74ba864) Importer(815301076,1909f56bfc062723c751e8b465ee728b)
Start importing Assets/Terra/Example/Noise.asset using Guid(94778d6108708a94c9784ad0f74ba864) Importer(815301076,1909f56bfc062723c751e8b465ee728b)  -> (artifact id: 'a71f8f0bdd7a611ae5c1debe6aaf9e1a') in 0.010225 seconds 
  Import took 0.013510 seconds .

========================================================================
Received Import Request.
  Time since last request: 0.601986 seconds.
  path: Assets/Assets.index
  artifactKey: Guid(9d5b872f50b2ffc49bf269456c36d619) Importer(815301076,1909f56bfc062723c751e8b465ee728b)
Start importing Assets/Assets.index using Guid(9d5b872f50b2ffc49bf269456c36d619) Importer(815301076,1909f56bfc062723c751e8b465ee728b)  -> (artifact id: '52521a0a44a1f10b79cacbeacfb5461a') in 0.003318 seconds 
  Import took 0.006356 seconds .

========================================================================
Received Import Request.
  Time since last request: 4.507783 seconds.
  path: Assets/Terra/Example/Noise.asset
  artifactKey: Guid(94778d6108708a94c9784ad0f74ba864) Importer(815301076,1909f56bfc062723c751e8b465ee728b)
Start importing Assets/Terra/Example/Noise.asset using Guid(94778d6108708a94c9784ad0f74ba864) Importer(815301076,1909f56bfc062723c751e8b465ee728b)  -> (artifact id: '78b7bcd6e818497619c8809d816af885') in 0.010169 seconds 
  Import took 0.013486 seconds .

========================================================================
Received Import Request.
  Time since last request: 0.568944 seconds.
  path: Assets/Assets.index
  artifactKey: Guid(9d5b872f50b2ffc49bf269456c36d619) Importer(815301076,1909f56bfc062723c751e8b465ee728b)
Start importing Assets/Assets.index using Guid(9d5b872f50b2ffc49bf269456c36d619) Importer(815301076,1909f56bfc062723c751e8b465ee728b)  -> (artifact id: '84d21c8a53746cb5a228fbd7cc75ec14') in 0.006142 seconds 
  Import took 0.009142 seconds .

========================================================================
Received Import Request.
  Time since last request: 18.274139 seconds.
  path: Assets/Assets.index
  artifactKey: Guid(9d5b872f50b2ffc49bf269456c36d619) Importer(815301076,1909f56bfc062723c751e8b465ee728b)
Start importing Assets/Assets.index using Guid(9d5b872f50b2ffc49bf269456c36d619) Importer(815301076,1909f56bfc062723c751e8b465ee728b)  -> (artifact id: '3bedfcea5a6d8c2c6247edfcd70dc0b3') in 0.003280 seconds 
  Import took 0.006327 seconds .

========================================================================
Received Import Request.
  Time since last request: 1.491267 seconds.
  path: Assets/Terra/Example/Noise.asset
  artifactKey: Guid(94778d6108708a94c9784ad0f74ba864) Importer(815301076,1909f56bfc062723c751e8b465ee728b)
Start importing Assets/Terra/Example/Noise.asset using Guid(94778d6108708a94c9784ad0f74ba864) Importer(815301076,1909f56bfc062723c751e8b465ee728b)  -> (artifact id: 'ea6f47917bb18811b6eba25bfa3ef6d7') in 0.010022 seconds 
  Import took 0.013324 seconds .

========================================================================
Received Import Request.
  Time since last request: 0.067773 seconds.
  path: Assets/Terra/Example/Noise.asset
  artifactKey: Guid(94778d6108708a94c9784ad0f74ba864) Importer(815301076,1909f56bfc062723c751e8b465ee728b)
Start importing Assets/Terra/Example/Noise.asset using Guid(94778d6108708a94c9784ad0f74ba864) Importer(815301076,1909f56bfc062723c751e8b465ee728b)  -> (artifact id: 'ea6f47917bb18811b6eba25bfa3ef6d7') in 0.009981 seconds 
  Import took 0.013398 seconds .

========================================================================
Received Import Request.
  Time since last request: 26.197349 seconds.
  path: Assets/Terra/Example/Noise.asset
  artifactKey: Guid(94778d6108708a94c9784ad0f74ba864) Importer(815301076,1909f56bfc062723c751e8b465ee728b)
Start importing Assets/Terra/Example/Noise.asset using Guid(94778d6108708a94c9784ad0f74ba864) Importer(815301076,1909f56bfc062723c751e8b465ee728b)  -> (artifact id: 'ada57bf5b2bacd711b0d0c6c340ab1ed') in 0.010119 seconds 
  Import took 0.013257 seconds .

========================================================================
Received Import Request.
  Time since last request: 3.992938 seconds.
  path: Assets/Terra/Example/Noise.asset
  artifactKey: Guid(94778d6108708a94c9784ad0f74ba864) Importer(815301076,1909f56bfc062723c751e8b465ee728b)
Start importing Assets/Terra/Example/Noise.asset using Guid(94778d6108708a94c9784ad0f74ba864) Importer(815301076,1909f56bfc062723c751e8b465ee728b)  -> (artifact id: 'a7bae8442b03bfeca7b74cbd4e1babb1') in 0.010093 seconds 
  Import took 0.013300 seconds .

========================================================================
Received Import Request.
  Time since last request: 11.410584 seconds.
  path: Assets/Terra/Example/Noise.asset
  artifactKey: Guid(94778d6108708a94c9784ad0f74ba864) Importer(815301076,1909f56bfc062723c751e8b465ee728b)
Start importing Assets/Terra/Example/Noise.asset using Guid(94778d6108708a94c9784ad0f74ba864) Importer(815301076,1909f56bfc062723c751e8b465ee728b)  -> (artifact id: '2523b1e0b80783026f601e618a5c6d60') in 0.011518 seconds 
  Import took 0.014774 seconds .

AssetImportWorkerClient::OnTransportError - code=2 error=End of file
